\BOOKMARK [0][-]{chapter.1}{1\040Introduction}{}% 1
\BOOKMARK [0][-]{chapter.2}{2\040Hardware}{}% 2
\BOOKMARK [1][-]{section.2.1}{2.1\040Components}{chapter.2}% 3
\BOOKMARK [2][-]{subsection.2.1.1}{2.1.1\040Built\040into\040Go-Kart}{section.2.1}% 4
\BOOKMARK [2][-]{subsection.2.1.2}{2.1.2\040LinMot}{section.2.1}% 5
\BOOKMARK [2][-]{subsection.2.1.3}{2.1.3\040Power\040steering}{section.2.1}% 6
\BOOKMARK [2][-]{subsection.2.1.4}{2.1.4\040DC-DC\040converter}{section.2.1}% 7
\BOOKMARK [2][-]{subsection.2.1.5}{2.1.5\040Microautobox\040\(MABX\)}{section.2.1}% 8
\BOOKMARK [2][-]{subsection.2.1.6}{2.1.6\040cases/cables/adapters}{section.2.1}% 9
\BOOKMARK [0][-]{chapter.3}{3\040Software}{}% 10
\BOOKMARK [0][-]{chapter.4}{4\040Implementation}{}% 11
\BOOKMARK [1][-]{section.4.1}{4.1\040Steering}{chapter.4}% 12
\BOOKMARK [1][-]{section.4.2}{4.2\040Braking}{chapter.4}% 13
\BOOKMARK [1][-]{section.4.3}{4.3\040Throttle}{chapter.4}% 14
\BOOKMARK [1][-]{section.4.4}{4.4\040Testing}{chapter.4}% 15
\BOOKMARK [0][-]{chapter.5}{5\040Communication}{}% 16
\BOOKMARK [1][-]{section.5.1}{5.1\040CAN\040Basics}{chapter.5}% 17
\BOOKMARK [1][-]{section.5.2}{5.2\040CANOpen}{chapter.5}% 18
\BOOKMARK [2][-]{subsection.5.2.1}{5.2.1\040Implementation}{section.5.2}% 19
\BOOKMARK [0][-]{chapter.6}{6\040Results\040and\040Discussion}{}% 20
\BOOKMARK [0][-]{chapter.7}{7\040Conclusion}{}% 21
\BOOKMARK [0][-]{chapter.8}{8\040Appendix}{}% 22
\BOOKMARK [0][-]{appendix*.10}{Bibliography}{}% 23
